<?xml version="1.0" encoding="UTF-8"?>
<!-- Generated by org.testng.reporters.JUnitReportReporter -->
<testsuite hostname="Karthik" failures="0" tests="1" name="com.nasaapi.testproject.Reqres_GET_APIUsers" time="2.427" errors="0" timestamp="2024-08-07T22:19:10 IST" skipped="0">
  <testcase classname="com.nasaapi.testproject.Reqres_GET_APIUsers" name="validateJsonBody" time="2.427"/>
  <system-out/>
</testsuite> <!-- com.nasaapi.testproject.Reqres_GET_APIUsers -->
