<?xml version="1.0" encoding="UTF-8"?>
<!-- Generated by org.testng.reporters.JUnitReportReporter -->
<testsuite hostname="Karthik" failures="0" tests="1" name="com.restassured.utils.Authorization_class" time="66.450" errors="0" timestamp="2024-08-11T17:21:01 IST" skipped="0">
  <testcase classname="com.restassured.utils.Authorization_class" name="createAuthKey" time="66.450"/>
  <system-out/>
</testsuite> <!-- com.restassured.utils.Authorization_class -->
